<?xml version="1.0" encoding="UTF-8"?>
<!-- Generated by org.testng.reporters.JUnitReportReporter -->
<testsuite hostname="DESKTOP-7SMJUAE" name="testNG.DependsOnGroups" tests="1" failures="0" timestamp="10 May 2019 07:08:09 GMT" time="0.001" errors="0">
  <testcase name="aaaa" time="0.001" classname="testNG.DependsOnGroups"/>
</testsuite> <!-- testNG.DependsOnGroups -->
