<?xml version="1.0" encoding="UTF-8"?>
<!-- Generated by org.testng.reporters.JUnitReportReporter -->
<testsuite hostname="DESKTOP-7SMJUAE" name="testNG.TestNGDemo" tests="1" failures="0" timestamp="10 May 2019 07:08:09 GMT" time="0.013" errors="0">
  <testcase name="firsTestNg" time="0.013" classname="testNG.TestNGDemo"/>
</testsuite> <!-- testNG.TestNGDemo -->
