<?xml version="1.0" encoding="UTF-8"?>
<!-- Generated by org.testng.reporters.JUnitReportReporter -->
<testsuite hostname="DESKTOP-7SMJUAE" name="dataProvider.TestDataProvider" tests="2" failures="0" timestamp="14 May 2019 08:13:27 GMT" time="0.013" errors="0">
  <testcase name="TestOne" time="0.002" classname="dataProvider.TestDataProvider"/>
  <testcase name="TestOne" time="0.011" classname="dataProvider.TestDataProvider"/>
</testsuite> <!-- dataProvider.TestDataProvider -->
