<?xml version="1.0" encoding="UTF-8"?>
<!-- Generated by org.testng.reporters.JUnitReportReporter -->
<testsuite hostname="DESKTOP-7SMJUAE" name="testNG.Parameterization" tests="1" failures="0" timestamp="9 May 2019 18:27:33 GMT" time="0.016" errors="0">
  <testcase name="testOne" time="0.016" classname="testNG.Parameterization"/>
</testsuite> <!-- testNG.Parameterization -->
