<?xml version="1.0" encoding="UTF-8"?>
<!-- Generated by org.testng.reporters.JUnitReportReporter -->
<testsuite hostname="DESKTOP-7SMJUAE" name="runXmlProgramatically.SampleTestDemo2" tests="2" failures="0" timestamp="14 May 2019 05:33:46 GMT" time="0.001" errors="0">
  <testcase name="TestOne2" time="0.001" classname="runXmlProgramatically.SampleTestDemo2"/>
  <testcase name="TestOne2" time="0.000" classname="runXmlProgramatically.SampleTestDemo2"/>
</testsuite> <!-- runXmlProgramatically.SampleTestDemo2 -->
