<?xml version="1.0" encoding="UTF-8"?>
<!-- Generated by org.testng.reporters.JUnitReportReporter -->
<testsuite hostname="DESKTOP-7SMJUAE" name="testNG.DependingOnTests" tests="3" failures="0" timestamp="10 May 2019 06:48:22 GMT" time="0.021" errors="0">
  <testcase name="TestThree" time="0.017" classname="testNG.DependingOnTests"/>
  <testcase name="TestOne" time="0.003" classname="testNG.DependingOnTests"/>
  <testcase name="TestTwo" time="0.001" classname="testNG.DependingOnTests"/>
</testsuite> <!-- testNG.DependingOnTests -->
