<?xml version="1.0" encoding="UTF-8"?>
<!-- Generated by org.testng.reporters.JUnitReportReporter -->
<testsuite hostname="DESKTOP-7SMJUAE" name="dataProvider.MultipleSetOfData" tests="2" failures="0" timestamp="10 May 2019 06:13:40 GMT" time="0.010" errors="0">
  <testcase name="TestOne" time="0.001" classname="dataProvider.MultipleSetOfData"/>
  <testcase name="TestOne" time="0.009" classname="dataProvider.MultipleSetOfData"/>
</testsuite> <!-- dataProvider.MultipleSetOfData -->
