<?xml version="1.0" encoding="UTF-8"?>
<!-- Generated by org.testng.reporters.JUnitReportReporter -->
<testsuite hostname="DESKTOP-7SMJUAE" name="testNG.EnableDiable" tests="2" failures="0" timestamp="9 May 2019 16:25:10 GMT" time="0.016" errors="0">
  <testcase name="TestNg2" time="0.014" classname="testNG.EnableDiable"/>
  <testcase name="TestNg3" time="0.002" classname="testNG.EnableDiable"/>
</testsuite> <!-- testNG.EnableDiable -->
