<?xml version="1.0" encoding="UTF-8"?>
<!-- Generated by org.testng.reporters.JUnitReportReporter -->
<testsuite hostname="DESKTOP-7SMJUAE" name="testNG.GroupingTest" tests="5" failures="0" timestamp="10 May 2019 07:06:45 GMT" time="0.013" errors="0">
  <testcase name="TestThree" time="0.000" classname="testNG.GroupingTest"/>
  <testcase name="TestFive" time="0.001" classname="testNG.GroupingTest"/>
  <testcase name="TestFour" time="0.012" classname="testNG.GroupingTest"/>
  <testcase name="TestOne" time="0.000" classname="testNG.GroupingTest"/>
  <testcase name="TestTwo" time="0.000" classname="testNG.GroupingTest"/>
</testsuite> <!-- testNG.GroupingTest -->
