<?xml version="1.0" encoding="UTF-8"?>
<!-- Generated by org.testng.reporters.JUnitReportReporter -->
<testsuite hostname="DESKTOP-7SMJUAE" name="testNG.TestNGExceptions" tests="1" failures="0" timestamp="9 May 2019 18:00:28 GMT" time="0.013" errors="0">
  <testcase name="testOne" time="0.013" classname="testNG.TestNGExceptions"/>
</testsuite> <!-- testNG.TestNGExceptions -->
