<?xml version="1.0" encoding="UTF-8"?>
<!-- Generated by org.testng.reporters.JUnitReportReporter -->
<testsuite hostname="DESKTOP-7SMJUAE" name="dataProvider.DataProviderSameClass" tests="2" failures="0" timestamp="10 May 2019 05:46:47 GMT" time="0.010" errors="0">
  <testcase name="TestOne" time="0.009" classname="dataProvider.DataProviderSameClass"/>
  <testcase name="TestOne" time="0.001" classname="dataProvider.DataProviderSameClass"/>
</testsuite> <!-- dataProvider.DataProviderSameClass -->
