<?xml version="1.0" encoding="UTF-8"?>
<!-- Generated by org.testng.reporters.JUnitReportReporter -->
<testsuite hostname="DESKTOP-7SMJUAE" name="dataProvider.ExcelDateToDataProvider" tests="2" failures="0" timestamp="14 May 2019 08:07:04 GMT" time="0.012" errors="0">
  <testcase name="TestOne" time="0.002" classname="dataProvider.ExcelDateToDataProvider"/>
  <testcase name="TestOne" time="0.010" classname="dataProvider.ExcelDateToDataProvider"/>
</testsuite> <!-- dataProvider.ExcelDateToDataProvider -->
