<?xml version="1.0" encoding="UTF-8"?>
<!-- Generated by org.testng.reporters.JUnitReportReporter -->
<testsuite hostname="DESKTOP-7SMJUAE" name="packegesDemo.PackagesDemoClass" tests="2" failures="0" timestamp="9 May 2019 16:05:16 GMT" time="0.016" errors="0">
  <testcase name="testTwo" time="0.002" classname="packegesDemo.PackagesDemoClass"/>
  <testcase name="testOne" time="0.014" classname="packegesDemo.PackagesDemoClass"/>
</testsuite> <!-- packegesDemo.PackagesDemoClass -->
