<?xml version="1.0" encoding="UTF-8"?>
<!-- Generated by org.testng.reporters.JUnitReportReporter -->
<testsuite hostname="DESKTOP-7SMJUAE" name="testNG.PriorityDemo" tests="4" failures="0" timestamp="9 May 2019 16:17:48 GMT" time="0.020" errors="0">
  <testcase name="TestNg1" time="0.002" classname="testNG.PriorityDemo"/>
  <testcase name="TestNg4" time="0.015" classname="testNG.PriorityDemo"/>
  <testcase name="TestNg2" time="0.002" classname="testNG.PriorityDemo"/>
  <testcase name="TestNg3" time="0.001" classname="testNG.PriorityDemo"/>
</testsuite> <!-- testNG.PriorityDemo -->
