<?xml version="1.0" encoding="UTF-8"?>
<!-- Generated by org.testng.reporters.JUnitReportReporter -->
<testsuite hostname="DESKTOP-7SMJUAE" name="testNG.CrossBrowserTest" tests="3" failures="0" timestamp="1 May 2019 13:25:02 GMT" time="87.952" errors="0">
  <testcase name="setUp" time="13.314" classname="testNG.CrossBrowserTest"/>
  <testcase name="setUp" time="57.702" classname="testNG.CrossBrowserTest"/>
  <testcase name="setUp" time="16.936" classname="testNG.CrossBrowserTest"/>
</testsuite> <!-- testNG.CrossBrowserTest -->
