<?xml version="1.0" encoding="UTF-8"?>
<!-- Generated by org.testng.reporters.JUnitReportReporter -->
<testsuite hostname="DESKTOP-7SMJUAE" name="dataProvider.ReadingDataInTest" tests="2" failures="0" timestamp="10 May 2019 06:07:58 GMT" time="0.017" errors="0">
  <testcase name="TestOne" time="0.003" classname="dataProvider.ReadingDataInTest"/>
  <testcase name="TestOne" time="0.014" classname="dataProvider.ReadingDataInTest"/>
</testsuite> <!-- dataProvider.ReadingDataInTest -->
