<?xml version="1.0" encoding="UTF-8"?>
<!-- Generated by org.testng.reporters.JUnitReportReporter -->
<testsuite hostname="DESKTOP-7SMJUAE" name="packegesDemo1.PackagesDemoClass2" tests="2" failures="0" timestamp="9 May 2019 16:05:16 GMT" time="0.005" errors="0">
  <testcase name="testOne" time="0.004" classname="packegesDemo1.PackagesDemoClass2"/>
  <testcase name="testTwo" time="0.001" classname="packegesDemo1.PackagesDemoClass2"/>
</testsuite> <!-- packegesDemo1.PackagesDemoClass2 -->
